2023-06-21 11:17:56,831:ERROR:flipkart.py:Something went wrong while rendering all the details of product
2023-06-21 11:17:56,831:ERROR:flipkart.py:Something went wrong while rendering all the details of product
2023-06-21 11:20:22,241:ERROR:flipkart.py:Something went wrong while rendering all the details of product
2023-06-21 11:20:22,241:ERROR:flipkart.py:Something went wrong while rendering all the details of product
2023-06-21 11:23:47,771:ERROR:flipkart.py:Something went wrong while rendering all the details of product
2023-06-21 11:23:47,771:ERROR:flipkart.py:Something went wrong while rendering all the details of product
2023-06-21 11:28:05,881:ERROR:flipkart.py:Something went wrong while rendering all the details of product
2023-06-21 11:28:05,881:ERROR:flipkart.py:Something went wrong while rendering all the details of product
2023-06-21 11:35:54,839:ERROR:flipkart.py:Something went wrong while rendering all the details of product
2023-06-21 11:35:54,839:ERROR:flipkart.py:Something went wrong while rendering all the details of product
2023-06-21 11:36:40,037:ERROR:flipkart.py:Something went wrong while rendering all the details of product
2023-06-21 11:36:40,037:ERROR:flipkart.py:Something went wrong while rendering all the details of product
2023-06-21 11:42:09,032:ERROR:flipkart.py:Something went wrong while rendering all the details of product
2023-06-21 11:42:09,032:ERROR:flipkart.py:Something went wrong while rendering all the details of product
2023-06-21 11:48:39,795:ERROR:flipkart.py:Something went wrong while rendering all the details of product
2023-06-21 11:48:39,795:ERROR:flipkart.py:Something went wrong while rendering all the details of product
2023-06-21 11:49:01,234:ERROR:flipkart.py:Something went wrong while rendering all the details of product
2023-06-21 11:49:01,234:ERROR:flipkart.py:Something went wrong while rendering all the details of product
2023-06-21 11:50:15,794:ERROR:flipkart.py:Something went wrong while rendering all the details of product
2023-06-21 11:50:15,794:ERROR:flipkart.py:Something went wrong while rendering all the details of product
2023-06-21 11:53:38,145:INFO:flipkart.py:Url hitted
2023-06-21 11:53:38,145:INFO:flipkart.py:Url hitted
2023-06-21 11:53:38,296:INFO:flipkart.py:login popup handled
2023-06-21 11:53:38,296:INFO:flipkart.py:login popup handled
2023-06-21 11:53:38,560:INFO:flipkart.py:Search begins for iphone-7
2023-06-21 11:53:38,560:INFO:flipkart.py:Search begins for iphone-7
2023-06-21 12:14:54,630:INFO:flipkart.py:Url hitted
2023-06-21 12:14:54,630:INFO:flipkart.py:Url hitted
2023-06-21 12:14:54,759:INFO:flipkart.py:login popup handled
2023-06-21 12:14:54,759:INFO:flipkart.py:login popup handled
2023-06-21 12:14:55,048:INFO:flipkart.py:Search begins for iphone-7
2023-06-21 12:14:55,048:INFO:flipkart.py:Search begins for iphone-7
2023-06-21 12:19:01,459:INFO:flipkart.py:Url hitted
2023-06-21 12:19:01,459:INFO:flipkart.py:Url hitted
2023-06-21 12:19:01,584:INFO:flipkart.py:login popup handled
2023-06-21 12:19:01,584:INFO:flipkart.py:login popup handled
2023-06-21 12:19:01,846:INFO:flipkart.py:Search begins for samsung-s21
2023-06-21 12:19:01,846:INFO:flipkart.py:Search begins for samsung-s21
2023-06-21 12:19:52,196:INFO:flipkart.py:Thread run completed
2023-06-21 12:19:52,196:INFO:flipkart.py:Thread run completed
2023-06-21 12:20:54,028:INFO:flipkart.py:graph generated
2023-06-21 12:20:54,028:INFO:flipkart.py:graph generated
2023-06-21 12:23:31,751:INFO:flipkart.py:Url hitted
2023-06-21 12:23:31,751:INFO:flipkart.py:Url hitted
2023-06-21 12:23:31,873:INFO:flipkart.py:login popup handled
2023-06-21 12:23:31,873:INFO:flipkart.py:login popup handled
2023-06-21 12:23:32,188:INFO:flipkart.py:Search begins for iphone-7
2023-06-21 12:23:32,188:INFO:flipkart.py:Search begins for iphone-7
2023-06-21 12:26:52,631:INFO:flipkart.py:Thread run completed
2023-06-21 12:26:52,631:INFO:flipkart.py:Thread run completed
2023-06-21 12:55:16,137:INFO:flipkart.py:Url hitted
2023-06-21 12:55:16,137:INFO:flipkart.py:Url hitted
2023-06-21 12:55:16,256:INFO:flipkart.py:login popup handled
2023-06-21 12:55:16,256:INFO:flipkart.py:login popup handled
2023-06-21 12:55:16,498:INFO:flipkart.py:Search begins for samsung-s22
2023-06-21 12:55:16,498:INFO:flipkart.py:Search begins for samsung-s22
2023-06-21 12:55:46,882:ERROR:flipkart.py:Failed on checking if the database is present or not
2023-06-21 12:55:46,882:ERROR:flipkart.py:Failed on checking if the database is present or not
2023-06-21 12:55:46,883:ERROR:flipkart.py:Something went wrong while rendering all the details of product
2023-06-21 12:55:46,883:ERROR:flipkart.py:Something went wrong while rendering all the details of product
2023-06-21 12:56:51,207:INFO:flipkart.py:Url hitted
2023-06-21 12:56:51,207:INFO:flipkart.py:Url hitted
2023-06-21 12:56:51,310:INFO:flipkart.py:login popup handled
2023-06-21 12:56:51,310:INFO:flipkart.py:login popup handled
2023-06-21 12:56:51,547:INFO:flipkart.py:Search begins for samsung-s22
2023-06-21 12:56:51,547:INFO:flipkart.py:Search begins for samsung-s22
2023-06-21 12:57:22,119:ERROR:flipkart.py:Failed on checking if the database is present or not
2023-06-21 12:57:22,119:ERROR:flipkart.py:Failed on checking if the database is present or not
2023-06-21 12:57:22,119:ERROR:flipkart.py:Something went wrong while rendering all the details of product
2023-06-21 12:57:22,119:ERROR:flipkart.py:Something went wrong while rendering all the details of product
2023-06-21 13:05:17,149:INFO:flipkart.py:Url hitted
2023-06-21 13:05:17,149:INFO:flipkart.py:Url hitted
2023-06-21 13:05:17,253:INFO:flipkart.py:login popup handled
2023-06-21 13:05:17,253:INFO:flipkart.py:login popup handled
2023-06-21 13:05:17,480:INFO:flipkart.py:Search begins for samsung-s22
2023-06-21 13:05:17,480:INFO:flipkart.py:Search begins for samsung-s22
2023-06-21 13:05:47,989:ERROR:flipkart.py:Failed on checking if the database is present or not
2023-06-21 13:05:47,989:ERROR:flipkart.py:Failed on checking if the database is present or not
2023-06-21 13:05:47,990:ERROR:flipkart.py:Something went wrong while rendering all the details of product
2023-06-21 13:05:47,990:ERROR:flipkart.py:Something went wrong while rendering all the details of product
2023-06-21 13:27:43,792:INFO:flipkart.py:graph generated
2023-06-21 13:27:43,792:INFO:flipkart.py:graph generated
2023-06-21 13:27:58,286:INFO:flipkart.py:Url hitted
2023-06-21 13:27:58,286:INFO:flipkart.py:Url hitted
2023-06-21 13:27:58,392:INFO:flipkart.py:login popup handled
2023-06-21 13:27:58,392:INFO:flipkart.py:login popup handled
2023-06-21 13:27:58,663:INFO:flipkart.py:Search begins for samsung-s22
2023-06-21 13:27:58,663:INFO:flipkart.py:Search begins for samsung-s22
2023-06-21 13:29:12,619:INFO:flipkart.py:Thread run completed
2023-06-21 13:29:12,619:INFO:flipkart.py:Thread run completed
